2023-07-30 20:13:44-0600: Running with following config:
logDir = analysis_logs
maxVisits = 25
nnCacheSizePowerOfTwo = 23
nnMaxBatchSize = 64
nnMutexPoolSizePowerOfTwo = 17
nnRandomize = true
numAnalysisThreads = 8
numSearchThreads = 16
reportAnalysisWinratesAs = BLACK

2023-07-30 20:13:44-0600: Analysis Engine starting...
2023-07-30 20:13:44-0600: KataGo v1.13.2
2023-07-30 20:13:44-0600: nnRandSeed0 = 14998161379662390838
2023-07-30 20:13:44-0600: After dedups: nnModelFile0 = /home/nharwit/katago/models/kata1-b18c384nbt-s6981484800-d3524616345.bin.gz useFP16 auto useNHWC auto
2023-07-30 20:13:44-0600: Initializing neural net buffer to be size 19 * 19 allowing smaller boards
2023-07-30 20:13:45-0600: Eigen (CPU) backend thread 1: Model version 14
2023-07-30 20:13:45-0600: Eigen (CPU) backend thread 0: Model version 14
2023-07-30 20:13:45-0600: Eigen (CPU) backend thread 1: Model name: kata1-b18c384nbt-s6981484800-d3524616345
2023-07-30 20:13:45-0600: Eigen (CPU) backend thread 0: Model name: kata1-b18c384nbt-s6981484800-d3524616345
2023-07-30 20:13:45-0600: Eigen (CPU) backend thread 2: Model version 14
2023-07-30 20:13:45-0600: Eigen (CPU) backend thread 2: Model name: kata1-b18c384nbt-s6981484800-d3524616345
2023-07-30 20:13:45-0600: Eigen (CPU) backend thread 4: Model version 14
2023-07-30 20:13:45-0600: Eigen (CPU) backend thread 6: Model version 14
2023-07-30 20:13:45-0600: Eigen (CPU) backend thread 6: Model name: kata1-b18c384nbt-s6981484800-d3524616345
2023-07-30 20:13:45-0600: Eigen (CPU) backend thread 3: Model version 14
2023-07-30 20:13:45-0600: Eigen (CPU) backend thread 3: Model name: kata1-b18c384nbt-s6981484800-d3524616345
2023-07-30 20:13:45-0600: Eigen (CPU) backend thread 7: Model version 14
2023-07-30 20:13:45-0600: Eigen (CPU) backend thread 4: Model name: kata1-b18c384nbt-s6981484800-d3524616345
2023-07-30 20:13:45-0600: Eigen (CPU) backend thread 5: Model version 14
2023-07-30 20:13:45-0600: Eigen (CPU) backend thread 5: Model name: kata1-b18c384nbt-s6981484800-d3524616345
2023-07-30 20:13:45-0600: Eigen (CPU) backend thread 7: Model name: kata1-b18c384nbt-s6981484800-d3524616345
2023-07-30 20:13:47-0600: Loaded config /home/nharwit/katago/KataGo/cpp/configs/analysis_example.cfg
2023-07-30 20:13:47-0600: Loaded model /home/nharwit/katago/models/kata1-b18c384nbt-s6981484800-d3524616345.bin.gz
2023-07-30 20:13:47-0600: Analyzing up to 8 positions at a time in parallel
2023-07-30 20:13:47-0600: Started, ready to begin handling requests
2023-07-30 20:13:50-0600: /home/nharwit/katago/models/kata1-b18c384nbt-s6981484800-d3524616345.bin.gz
2023-07-30 20:13:50-0600: NN rows: 28
2023-07-30 20:13:50-0600: NN batches: 28
2023-07-30 20:13:50-0600: NN avg batch size: 1
2023-07-30 20:13:50-0600: GPU -1 finishing, processed 3 rows 3 batches
2023-07-30 20:13:50-0600: GPU -1 finishing, processed 3 rows 3 batches
2023-07-30 20:13:50-0600: GPU -1 finishing, processed 3 rows 3 batches
2023-07-30 20:13:50-0600: GPU -1 finishing, processed 3 rows 3 batches
2023-07-30 20:13:50-0600: GPU -1 finishing, processed 4 rows 4 batches
2023-07-30 20:13:50-0600: GPU -1 finishing, processed 4 rows 4 batches
2023-07-30 20:13:50-0600: GPU -1 finishing, processed 4 rows 4 batches
2023-07-30 20:13:50-0600: GPU -1 finishing, processed 4 rows 4 batches
2023-07-30 20:13:50-0600: All cleaned up, quitting
